# JRE version: Java(TM) SE Runtime Environment (8.0_91-b15) (build 1.8.0_91-b15)
# Java VM: Java HotSpot(TM) 64-Bit Server VM (25.91-b15 mixed mode windows-amd64 compressed oops)
Heap:
 PSYoungGen      total 68096K, used 14160K [0x00000000eb200000, 0x00000000f4100000, 0x0000000100000000)
  eden space 65536K, 21% used [0x00000000eb200000,0x00000000ebfd4078,0x00000000ef200000)
  from space 2560K, 0% used [0x00000000ef200000,0x00000000ef200000,0x00000000ef480000)
  to   space 7680K, 0% used [0x00000000f3980000,0x00000000f3980000,0x00000000f4100000)
 ParOldGen       total 37376K, used 10030K [0x00000000c1600000, 0x00000000c3a80000, 0x00000000eb200000)
  object space 37376K, 26% used [0x00000000c1600000,0x00000000c1fcb938,0x00000000c3a80000)
 Metaspace       used 22322K, capacity 22894K, committed 23040K, reserved 1069056K
  class space    used 2897K, capacity 3063K, committed 3072K, reserved 1048576K
GC Heap History (10 events):
Event: 8.222 GC heap before
{Heap before GC invocations=2 (full 0):
 PSYoungGen      total 18944K, used 18941K [0x00000000eb200000, 0x00000000ed700000, 0x0000000100000000)
  eden space 16384K, 100% used [0x00000000eb200000,0x00000000ec200000,0x00000000ec200000)
  from space 2560K, 99% used [0x00000000ec200000,0x00000000ec47f5e8,0x00000000ec480000)
  to   space 2560K, 0% used [0x00000000ed480000,0x00000000ed480000,0x00000000ed700000)
 ParOldGen       total 44032K, used 600K [0x00000000c1600000, 0x00000000c4100000, 0x00000000eb200000)
  object space 44032K, 1% used [0x00000000c1600000,0x00000000c1696340,0x00000000c4100000)
 Metaspace       used 9440K, capacity 9676K, committed 9984K, reserved 1058816K
  class space    used 1112K, capacity 1202K, committed 1280K, reserved 1048576K
Event: 8.356 GC heap after
Heap after GC invocations=2 (full 0):
 PSYoungGen      total 35328K, used 2537K [0x00000000eb200000, 0x00000000ed700000, 0x0000000100000000)
  eden space 32768K, 0% used [0x00000000eb200000,0x00000000eb200000,0x00000000ed200000)
  from space 2560K, 99% used [0x00000000ed480000,0x00000000ed6fa710,0x00000000ed700000)
  to   space 2560K, 0% used [0x00000000ed200000,0x00000000ed200000,0x00000000ed480000)
 ParOldGen       total 44032K, used 1620K [0x00000000c1600000, 0x00000000c4100000, 0x00000000eb200000)
  object space 44032K, 3% used [0x00000000c1600000,0x00000000c1795110,0x00000000c4100000)
 Metaspace       used 9440K, capacity 9676K, committed 9984K, reserved 1058816K
  class space    used 1112K, capacity 1202K, committed 1280K, reserved 1048576K
}
Event: 12.570 GC heap before
{Heap before GC invocations=3 (full 0):
 PSYoungGen      total 35328K, used 35305K [0x00000000eb200000, 0x00000000ed700000, 0x0000000100000000)
  eden space 32768K, 100% used [0x00000000eb200000,0x00000000ed200000,0x00000000ed200000)
  from space 2560K, 99% used [0x00000000ed480000,0x00000000ed6fa710,0x00000000ed700000)
  to   space 2560K, 0% used [0x00000000ed200000,0x00000000ed200000,0x00000000ed480000)
 ParOldGen       total 44032K, used 1620K [0x00000000c1600000, 0x00000000c4100000, 0x00000000eb200000)
  object space 44032K, 3% used [0x00000000c1600000,0x00000000c1795110,0x00000000c4100000)
 Metaspace       used 13823K, capacity 14226K, committed 14464K, reserved 1062912K
  class space    used 1693K, capacity 1805K, committed 1920K, reserved 1048576K
Event: 12.648 GC heap after
Heap after GC invocations=3 (full 0):
 PSYoungGen      total 35328K, used 2557K [0x00000000eb200000, 0x00000000ef700000, 0x0000000100000000)
  eden space 32768K, 0% used [0x00000000eb200000,0x00000000eb200000,0x00000000ed200000)
  from space 2560K, 99% used [0x00000000ed200000,0x00000000ed47f6e0,0x00000000ed480000)
  to   space 2560K, 0% used [0x00000000ef480000,0x00000000ef480000,0x00000000ef700000)
 ParOldGen       total 44032K, used 4964K [0x00000000c1600000, 0x00000000c4100000, 0x00000000eb200000)
  object space 44032K, 11% used [0x00000000c1600000,0x00000000c1ad90a0,0x00000000c4100000)
 Metaspace       used 13823K, capacity 14226K, committed 14464K, reserved 1062912K
  class space    used 1693K, capacity 1805K, committed 1920K, reserved 1048576K
}
Event: 15.228 GC heap before
{Heap before GC invocations=4 (full 0):
 PSYoungGen      total 35328K, used 35325K [0x00000000eb200000, 0x00000000ef700000, 0x0000000100000000)
  eden space 32768K, 100% used [0x00000000eb200000,0x00000000ed200000,0x00000000ed200000)
  from space 2560K, 99% used [0x00000000ed200000,0x00000000ed47f6e0,0x00000000ed480000)
  to   space 2560K, 0% used [0x00000000ef480000,0x00000000ef480000,0x00000000ef700000)
 ParOldGen       total 44032K, used 4964K [0x00000000c1600000, 0x00000000c4100000, 0x00000000eb200000)
  object space 44032K, 11% used [0x00000000c1600000,0x00000000c1ad90a0,0x00000000c4100000)
 Metaspace       used 17288K, capacity 17780K, committed 18048K, reserved 1064960K
  class space    used 2279K, capacity 2416K, committed 2432K, reserved 1048576K
Event: 15.239 GC heap after
Heap after GC invocations=4 (full 0):
 PSYoungGen      total 68096K, used 2553K [0x00000000eb200000, 0x00000000ef700000, 0x0000000100000000)
  eden space 65536K, 0% used [0x00000000eb200000,0x00000000eb200000,0x00000000ef200000)
  from space 2560K, 99% used [0x00000000ef480000,0x00000000ef6fe720,0x00000000ef700000)
  to   space 2560K, 0% used [0x00000000ef200000,0x00000000ef200000,0x00000000ef480000)
 ParOldGen       total 44032K, used 8570K [0x00000000c1600000, 0x00000000c4100000, 0x00000000eb200000)
  object space 44032K, 19% used [0x00000000c1600000,0x00000000c1e5e928,0x00000000c4100000)
 Metaspace       used 17288K, capacity 17780K, committed 18048K, reserved 1064960K
  class space    used 2279K, capacity 2416K, committed 2432K, reserved 1048576K
}
Event: 17.027 GC heap before
{Heap before GC invocations=5 (full 0):
 PSYoungGen      total 68096K, used 23195K [0x00000000eb200000, 0x00000000ef700000, 0x0000000100000000)
  eden space 65536K, 31% used [0x00000000eb200000,0x00000000ec628838,0x00000000ef200000)
  from space 2560K, 99% used [0x00000000ef480000,0x00000000ef6fe720,0x00000000ef700000)
  to   space 2560K, 0% used [0x00000000ef200000,0x00000000ef200000,0x00000000ef480000)
 ParOldGen       total 44032K, used 8570K [0x00000000c1600000, 0x00000000c4100000, 0x00000000eb200000)
  object space 44032K, 19% used [0x00000000c1600000,0x00000000c1e5e928,0x00000000c4100000)
 Metaspace       used 20622K, capacity 21176K, committed 21248K, reserved 1067008K
  class space    used 2659K, capacity 2794K, committed 2816K, reserved 1048576K
Event: 17.173 GC heap after
Heap after GC invocations=5 (full 0):
 PSYoungGen      total 68096K, used 2537K [0x00000000eb200000, 0x00000000f4100000, 0x0000000100000000)
  eden space 65536K, 0% used [0x00000000eb200000,0x00000000eb200000,0x00000000ef200000)
  from space 2560K, 99% used [0x00000000ef200000,0x00000000ef47a710,0x00000000ef480000)
  to   space 7680K, 0% used [0x00000000f3980000,0x00000000f3980000,0x00000000f4100000)
 ParOldGen       total 44032K, used 11925K [0x00000000c1600000, 0x00000000c4100000, 0x00000000eb200000)
  object space 44032K, 27% used [0x00000000c1600000,0x00000000c21a57c8,0x00000000c4100000)
 Metaspace       used 20622K, capacity 21176K, committed 21248K, reserved 1067008K
  class space    used 2659K, capacity 2794K, committed 2816K, reserved 1048576K
}
Event: 17.173 GC heap before
{Heap before GC invocations=6 (full 1):
 PSYoungGen      total 68096K, used 2537K [0x00000000eb200000, 0x00000000f4100000, 0x0000000100000000)
  eden space 65536K, 0% used [0x00000000eb200000,0x00000000eb200000,0x00000000ef200000)
  from space 2560K, 99% used [0x00000000ef200000,0x00000000ef47a710,0x00000000ef480000)
  to   space 7680K, 0% used [0x00000000f3980000,0x00000000f3980000,0x00000000f4100000)
 ParOldGen       total 44032K, used 11925K [0x00000000c1600000, 0x00000000c4100000, 0x00000000eb200000)
  object space 44032K, 27% used [0x00000000c1600000,0x00000000c21a57c8,0x00000000c4100000)
 Metaspace       used 20622K, capacity 21176K, committed 21248K, reserved 1067008K
  class space    used 2659K, capacity 2794K, committed 2816K, reserved 1048576K
Event: 17.567 GC heap after
Heap after GC invocations=6 (full 1):
 PSYoungGen      total 68096K, used 0K [0x00000000eb200000, 0x00000000f4100000, 0x0000000100000000)
  eden space 65536K, 0% used [0x00000000eb200000,0x00000000eb200000,0x00000000ef200000)
  from space 2560K, 0% used [0x00000000ef200000,0x00000000ef200000,0x00000000ef480000)
  to   space 7680K, 0% used [0x00000000f3980000,0x00000000f3980000,0x00000000f4100000)
 ParOldGen       total 37376K, used 10030K [0x00000000c1600000, 0x00000000c3a80000, 0x00000000eb200000)
  object space 37376K, 26% used [0x00000000c1600000,0x00000000c1fcb938,0x00000000c3a80000)
 Metaspace       used 20622K, capacity 21176K, committed 21248K, reserved 1067008K
  class space    used 2659K, capacity 2794K, committed 2816K, reserved 1048576K
}

