# JRE version: Java(TM) SE Runtime Environment (8.0_91-b15) (build 1.8.0_91-b15)
# Java VM: Java HotSpot(TM) 64-Bit Server VM (25.91-b15 mixed mode windows-amd64 compressed oops)
Heap:
 PSYoungGen      total 35328K, used 10094K [0x00000000eb200000, 0x00000000f0100000, 0x0000000100000000)
  eden space 32768K, 30% used [0x00000000eb200000,0x00000000ebbdb988,0x00000000ed200000)
  from space 2560K, 0% used [0x00000000ed200000,0x00000000ed200000,0x00000000ed480000)
  to   space 7680K, 0% used [0x00000000ef980000,0x00000000ef980000,0x00000000f0100000)
 ParOldGen       total 39424K, used 9984K [0x00000000c1600000, 0x00000000c3c80000, 0x00000000eb200000)
  object space 39424K, 25% used [0x00000000c1600000,0x00000000c1fc01f0,0x00000000c3c80000)
 Metaspace       used 21971K, capacity 22568K, committed 22784K, reserved 1069056K
  class space    used 2844K, capacity 3000K, committed 3072K, reserved 1048576K
GC Heap History (10 events):
Event: 9.258 GC heap before
{Heap before GC invocations=2 (full 0):
 PSYoungGen      total 18944K, used 18931K [0x00000000eb200000, 0x00000000ed700000, 0x0000000100000000)
  eden space 16384K, 100% used [0x00000000eb200000,0x00000000ec200000,0x00000000ec200000)
  from space 2560K, 99% used [0x00000000ec200000,0x00000000ec47cf18,0x00000000ec480000)
  to   space 2560K, 0% used [0x00000000ed480000,0x00000000ed480000,0x00000000ed700000)
 ParOldGen       total 44032K, used 592K [0x00000000c1600000, 0x00000000c4100000, 0x00000000eb200000)
  object space 44032K, 1% used [0x00000000c1600000,0x00000000c1694060,0x00000000c4100000)
 Metaspace       used 9439K, capacity 9664K, committed 9984K, reserved 1058816K
  class space    used 1114K, capacity 1202K, committed 1280K, reserved 1048576K
Event: 9.342 GC heap after
Heap after GC invocations=2 (full 0):
 PSYoungGen      total 35328K, used 2553K [0x00000000eb200000, 0x00000000ed700000, 0x0000000100000000)
  eden space 32768K, 0% used [0x00000000eb200000,0x00000000eb200000,0x00000000ed200000)
  from space 2560K, 99% used [0x00000000ed480000,0x00000000ed6fe720,0x00000000ed700000)
  to   space 2560K, 0% used [0x00000000ed200000,0x00000000ed200000,0x00000000ed480000)
 ParOldGen       total 44032K, used 1573K [0x00000000c1600000, 0x00000000c4100000, 0x00000000eb200000)
  object space 44032K, 3% used [0x00000000c1600000,0x00000000c1789478,0x00000000c4100000)
 Metaspace       used 9439K, capacity 9664K, committed 9984K, reserved 1058816K
  class space    used 1114K, capacity 1202K, committed 1280K, reserved 1048576K
}
Event: 13.795 GC heap before
{Heap before GC invocations=3 (full 0):
 PSYoungGen      total 35328K, used 35321K [0x00000000eb200000, 0x00000000ed700000, 0x0000000100000000)
  eden space 32768K, 100% used [0x00000000eb200000,0x00000000ed200000,0x00000000ed200000)
  from space 2560K, 99% used [0x00000000ed480000,0x00000000ed6fe720,0x00000000ed700000)
  to   space 2560K, 0% used [0x00000000ed200000,0x00000000ed200000,0x00000000ed480000)
 ParOldGen       total 44032K, used 1573K [0x00000000c1600000, 0x00000000c4100000, 0x00000000eb200000)
  object space 44032K, 3% used [0x00000000c1600000,0x00000000c1789478,0x00000000c4100000)
 Metaspace       used 13799K, capacity 14254K, committed 14464K, reserved 1062912K
  class space    used 1700K, capacity 1839K, committed 1920K, reserved 1048576K
Event: 13.983 GC heap after
Heap after GC invocations=3 (full 0):
 PSYoungGen      total 35328K, used 2531K [0x00000000eb200000, 0x00000000ed700000, 0x0000000100000000)
  eden space 32768K, 0% used [0x00000000eb200000,0x00000000eb200000,0x00000000ed200000)
  from space 2560K, 98% used [0x00000000ed200000,0x00000000ed478d30,0x00000000ed480000)
  to   space 2560K, 0% used [0x00000000ed480000,0x00000000ed480000,0x00000000ed700000)
 ParOldGen       total 44032K, used 4930K [0x00000000c1600000, 0x00000000c4100000, 0x00000000eb200000)
  object space 44032K, 11% used [0x00000000c1600000,0x00000000c1ad0b90,0x00000000c4100000)
 Metaspace       used 13799K, capacity 14254K, committed 14464K, reserved 1062912K
  class space    used 1700K, capacity 1839K, committed 1920K, reserved 1048576K
}
Event: 15.891 GC heap before
{Heap before GC invocations=4 (full 0):
 PSYoungGen      total 35328K, used 35299K [0x00000000eb200000, 0x00000000ed700000, 0x0000000100000000)
  eden space 32768K, 100% used [0x00000000eb200000,0x00000000ed200000,0x00000000ed200000)
  from space 2560K, 98% used [0x00000000ed200000,0x00000000ed478d30,0x00000000ed480000)
  to   space 2560K, 0% used [0x00000000ed480000,0x00000000ed480000,0x00000000ed700000)
 ParOldGen       total 44032K, used 4930K [0x00000000c1600000, 0x00000000c4100000, 0x00000000eb200000)
  object space 44032K, 11% used [0x00000000c1600000,0x00000000c1ad0b90,0x00000000c4100000)
 Metaspace       used 17451K, capacity 17986K, committed 18176K, reserved 1064960K
  class space    used 2300K, capacity 2447K, committed 2560K, reserved 1048576K
Event: 15.956 GC heap after
Heap after GC invocations=4 (full 0):
 PSYoungGen      total 35328K, used 2552K [0x00000000eb200000, 0x00000000ef700000, 0x0000000100000000)
  eden space 32768K, 0% used [0x00000000eb200000,0x00000000eb200000,0x00000000ed200000)
  from space 2560K, 99% used [0x00000000ed480000,0x00000000ed6fe030,0x00000000ed700000)
  to   space 2560K, 0% used [0x00000000ed200000,0x00000000ed200000,0x00000000ed480000)
 ParOldGen       total 44032K, used 8616K [0x00000000c1600000, 0x00000000c4100000, 0x00000000eb200000)
  object space 44032K, 19% used [0x00000000c1600000,0x00000000c1e6a230,0x00000000c4100000)
 Metaspace       used 17451K, capacity 17986K, committed 18176K, reserved 1064960K
  class space    used 2300K, capacity 2447K, committed 2560K, reserved 1048576K
}
Event: 17.576 GC heap before
{Heap before GC invocations=5 (full 0):
 PSYoungGen      total 35328K, used 23929K [0x00000000eb200000, 0x00000000ef700000, 0x0000000100000000)
  eden space 32768K, 65% used [0x00000000eb200000,0x00000000ec6e06f0,0x00000000ed200000)
  from space 2560K, 99% used [0x00000000ed480000,0x00000000ed6fe030,0x00000000ed700000)
  to   space 2560K, 0% used [0x00000000ed200000,0x00000000ed200000,0x00000000ed480000)
 ParOldGen       total 44032K, used 8616K [0x00000000c1600000, 0x00000000c4100000, 0x00000000eb200000)
  object space 44032K, 19% used [0x00000000c1600000,0x00000000c1e6a230,0x00000000c4100000)
 Metaspace       used 20582K, capacity 21154K, committed 21296K, reserved 1067008K
  class space    used 2680K, capacity 2833K, committed 2944K, reserved 1048576K
Event: 17.670 GC heap after
Heap after GC invocations=5 (full 0):
 PSYoungGen      total 35328K, used 2552K [0x00000000eb200000, 0x00000000f0100000, 0x0000000100000000)
  eden space 32768K, 0% used [0x00000000eb200000,0x00000000eb200000,0x00000000ed200000)
  from space 2560K, 99% used [0x00000000ed200000,0x00000000ed47e030,0x00000000ed480000)
  to   space 7680K, 0% used [0x00000000ef980000,0x00000000ef980000,0x00000000f0100000)
 ParOldGen       total 44032K, used 11792K [0x00000000c1600000, 0x00000000c4100000, 0x00000000eb200000)
  object space 44032K, 26% used [0x00000000c1600000,0x00000000c21840d8,0x00000000c4100000)
 Metaspace       used 20582K, capacity 21154K, committed 21296K, reserved 1067008K
  class space    used 2680K, capacity 2833K, committed 2944K, reserved 1048576K
}
Event: 17.670 GC heap before
{Heap before GC invocations=6 (full 1):
 PSYoungGen      total 35328K, used 2552K [0x00000000eb200000, 0x00000000f0100000, 0x0000000100000000)
  eden space 32768K, 0% used [0x00000000eb200000,0x00000000eb200000,0x00000000ed200000)
  from space 2560K, 99% used [0x00000000ed200000,0x00000000ed47e030,0x00000000ed480000)
  to   space 7680K, 0% used [0x00000000ef980000,0x00000000ef980000,0x00000000f0100000)
 ParOldGen       total 44032K, used 11792K [0x00000000c1600000, 0x00000000c4100000, 0x00000000eb200000)
  object space 44032K, 26% used [0x00000000c1600000,0x00000000c21840d8,0x00000000c4100000)
 Metaspace       used 20582K, capacity 21154K, committed 21296K, reserved 1067008K
  class space    used 2680K, capacity 2833K, committed 2944K, reserved 1048576K
Event: 18.234 GC heap after
Heap after GC invocations=6 (full 1):
 PSYoungGen      total 35328K, used 0K [0x00000000eb200000, 0x00000000f0100000, 0x0000000100000000)
  eden space 32768K, 0% used [0x00000000eb200000,0x00000000eb200000,0x00000000ed200000)
  from space 2560K, 0% used [0x00000000ed200000,0x00000000ed200000,0x00000000ed480000)
  to   space 7680K, 0% used [0x00000000ef980000,0x00000000ef980000,0x00000000f0100000)
 ParOldGen       total 39424K, used 9984K [0x00000000c1600000, 0x00000000c3c80000, 0x00000000eb200000)
  object space 39424K, 25% used [0x00000000c1600000,0x00000000c1fc01f0,0x00000000c3c80000)
 Metaspace       used 20582K, capacity 21154K, committed 21296K, reserved 1067008K
  class space    used 2680K, capacity 2833K, committed 2944K, reserved 1048576K
}

